0 info it worked if it ends with ok
1 verbose cli [ '/usr/local/bin/node',
1 verbose cli   '/usr/local/bin/npm',
1 verbose cli   'install',
1 verbose cli   'install',
1 verbose cli   'ngCordova',
1 verbose cli   '--save' ]
2 info using npm@2.15.5
3 info using node@v4.4.5
4 verbose install initial load of /Users/kukks205/Desktop/ionic learning/iApp/package.json
5 warn package.json iapp@1.1.1 No repository field.
6 warn package.json iapp@1.1.1 No license field.
7 verbose readDependencies loading dependencies from /Users/kukks205/Desktop/ionic learning/iApp/package.json
8 silly cache add args [ 'install', null ]
9 verbose cache add spec install
10 silly cache add args [ 'ngCordova', null ]
11 verbose cache add spec ngCordova
12 silly cache add parsed spec Result {
12 silly cache add   raw: 'install',
12 silly cache add   scope: null,
12 silly cache add   name: 'install',
12 silly cache add   rawSpec: '',
12 silly cache add   spec: 'latest',
12 silly cache add   type: 'tag' }
13 silly addNamed install@latest
14 verbose addNamed "latest" is being treated as a dist-tag for install
15 info addNameTag [ 'install', 'latest' ]
16 silly mapToRegistry name install
17 silly mapToRegistry using default registry
18 silly mapToRegistry registry https://registry.npmjs.org/
19 silly mapToRegistry data Result {
19 silly mapToRegistry   raw: 'install',
19 silly mapToRegistry   scope: null,
19 silly mapToRegistry   name: 'install',
19 silly mapToRegistry   rawSpec: '',
19 silly mapToRegistry   spec: 'latest',
19 silly mapToRegistry   type: 'tag' }
20 silly mapToRegistry uri https://registry.npmjs.org/install
21 verbose addNameTag registry:https://registry.npmjs.org/install not in flight; fetching
22 silly cache add parsed spec Result {
22 silly cache add   raw: 'ngCordova',
22 silly cache add   scope: null,
22 silly cache add   name: 'ngCordova',
22 silly cache add   rawSpec: '',
22 silly cache add   spec: 'latest',
22 silly cache add   type: 'tag' }
23 silly addNamed ngCordova@latest
24 verbose addNamed "latest" is being treated as a dist-tag for ngCordova
25 info addNameTag [ 'ngCordova', 'latest' ]
26 silly mapToRegistry name ngCordova
27 silly mapToRegistry using default registry
28 silly mapToRegistry registry https://registry.npmjs.org/
29 silly mapToRegistry data Result {
29 silly mapToRegistry   raw: 'ngCordova',
29 silly mapToRegistry   scope: null,
29 silly mapToRegistry   name: 'ngCordova',
29 silly mapToRegistry   rawSpec: '',
29 silly mapToRegistry   spec: 'latest',
29 silly mapToRegistry   type: 'tag' }
30 silly mapToRegistry uri https://registry.npmjs.org/ngCordova
31 verbose addNameTag registry:https://registry.npmjs.org/ngCordova not in flight; fetching
32 verbose request uri https://registry.npmjs.org/ngCordova
33 verbose request no auth needed
34 info attempt registry request try #1 at 7:23:54 PM
35 verbose request id 5d8a50da1a959da1
36 http request GET https://registry.npmjs.org/ngCordova
37 verbose request uri https://registry.npmjs.org/install
38 verbose request no auth needed
39 info attempt registry request try #1 at 7:23:54 PM
40 verbose etag "E366EZ1PP0PRHGRS019U820V3"
41 http request GET https://registry.npmjs.org/install
42 http 200 https://registry.npmjs.org/install
43 verbose headers { server: 'CouchDB/1.5.0 (Erlang OTP/R16B03)',
43 verbose headers   etag: '"E87BRBJ2V5AH8OYGJUM1D011K"',
43 verbose headers   'content-type': 'application/json',
43 verbose headers   'content-encoding': 'gzip',
43 verbose headers   'cache-control': 'max-age=300',
43 verbose headers   'content-length': '7498',
43 verbose headers   'accept-ranges': 'bytes',
43 verbose headers   date: 'Sat, 24 Sep 2016 12:23:55 GMT',
43 verbose headers   via: '1.1 varnish',
43 verbose headers   age: '139',
43 verbose headers   connection: 'keep-alive',
43 verbose headers   'x-served-by': 'cache-sin6926-SIN',
43 verbose headers   'x-cache': 'HIT',
43 verbose headers   'x-cache-hits': '2',
43 verbose headers   'x-timer': 'S1474719835.219704,VS0,VE0',
43 verbose headers   vary: 'Accept-Encoding' }
44 silly get cb [ 200,
44 silly get   { server: 'CouchDB/1.5.0 (Erlang OTP/R16B03)',
44 silly get     etag: '"E87BRBJ2V5AH8OYGJUM1D011K"',
44 silly get     'content-type': 'application/json',
44 silly get     'content-encoding': 'gzip',
44 silly get     'cache-control': 'max-age=300',
44 silly get     'content-length': '7498',
44 silly get     'accept-ranges': 'bytes',
44 silly get     date: 'Sat, 24 Sep 2016 12:23:55 GMT',
44 silly get     via: '1.1 varnish',
44 silly get     age: '139',
44 silly get     connection: 'keep-alive',
44 silly get     'x-served-by': 'cache-sin6926-SIN',
44 silly get     'x-cache': 'HIT',
44 silly get     'x-cache-hits': '2',
44 silly get     'x-timer': 'S1474719835.219704,VS0,VE0',
44 silly get     vary: 'Accept-Encoding' } ]
45 verbose get saving install to /Users/kukks205/.npm/registry.npmjs.org/install/.cache.json
46 verbose correctMkdir /Users/kukks205/.npm correctMkdir not in flight; initializing
47 silly addNameTag next cb for install with tag latest
48 silly addNamed install@0.8.1
49 verbose addNamed "0.8.1" is a plain semver version for install
50 silly mapToRegistry name install
51 silly mapToRegistry using default registry
52 silly mapToRegistry registry https://registry.npmjs.org/
53 silly mapToRegistry data Result {
53 silly mapToRegistry   raw: 'install',
53 silly mapToRegistry   scope: null,
53 silly mapToRegistry   name: 'install',
53 silly mapToRegistry   rawSpec: '',
53 silly mapToRegistry   spec: 'latest',
53 silly mapToRegistry   type: 'tag' }
54 silly mapToRegistry uri https://registry.npmjs.org/install
55 verbose addRemoteTarball https://registry.npmjs.org/install/-/install-0.8.1.tgz not in flight; adding
56 verbose addRemoteTarball [ 'https://registry.npmjs.org/install/-/install-0.8.1.tgz',
56 verbose addRemoteTarball   'e9183b911b1b5d02b87ffe50d0b2d6837b5040d9' ]
57 info retry fetch attempt 1 at 7:23:55 PM
58 info attempt registry request try #1 at 7:23:55 PM
59 http fetch GET https://registry.npmjs.org/install/-/install-0.8.1.tgz
60 http fetch 200 https://registry.npmjs.org/install/-/install-0.8.1.tgz
61 http 404 https://registry.npmjs.org/ngCordova
62 verbose headers { 'content-type': 'application/json',
62 verbose headers   'cache-control': 'max-age=0',
62 verbose headers   'content-length': '2',
62 verbose headers   'accept-ranges': 'bytes',
62 verbose headers   date: 'Sat, 24 Sep 2016 12:23:55 GMT',
62 verbose headers   via: '1.1 varnish',
62 verbose headers   age: '0',
62 verbose headers   connection: 'keep-alive',
62 verbose headers   'x-served-by': 'cache-sin6921-SIN',
62 verbose headers   'x-cache': 'MISS',
62 verbose headers   'x-cache-hits': '0',
62 verbose headers   'x-timer': 'S1474719835.218226,VS0,VE257',
62 verbose headers   vary: 'Accept-Encoding' }
63 silly get cb [ 404,
63 silly get   { 'content-type': 'application/json',
63 silly get     'cache-control': 'max-age=0',
63 silly get     'content-length': '2',
63 silly get     'accept-ranges': 'bytes',
63 silly get     date: 'Sat, 24 Sep 2016 12:23:55 GMT',
63 silly get     via: '1.1 varnish',
63 silly get     age: '0',
63 silly get     connection: 'keep-alive',
63 silly get     'x-served-by': 'cache-sin6921-SIN',
63 silly get     'x-cache': 'MISS',
63 silly get     'x-cache-hits': '0',
63 silly get     'x-timer': 'S1474719835.218226,VS0,VE257',
63 silly get     vary: 'Accept-Encoding' } ]
64 silly fetchAndShaCheck shasum e9183b911b1b5d02b87ffe50d0b2d6837b5040d9
65 verbose addTmpTarball /var/folders/w6/mbdn1t0s7916ht_g2s_92x2w0000gn/T/npm-2336-9fb91b83/registry.npmjs.org/install/-/install-0.8.1.tgz not in flight; adding
66 verbose addTmpTarball already have metadata; skipping unpack for install@0.8.1
67 verbose correctMkdir /Users/kukks205/.npm correctMkdir not in flight; initializing
68 silly cache afterAdd install@0.8.1
69 verbose afterAdd /Users/kukks205/.npm/install/0.8.1/package/package.json not in flight; writing
70 verbose correctMkdir /Users/kukks205/.npm correctMkdir not in flight; initializing
71 verbose afterAdd /Users/kukks205/.npm/install/0.8.1/package/package.json written
72 verbose stack Error: Registry returned 404 for GET on https://registry.npmjs.org/ngCordova
72 verbose stack     at makeError (/usr/local/lib/node_modules/npm/node_modules/npm-registry-client/lib/request.js:264:12)
72 verbose stack     at CachingRegistryClient.<anonymous> (/usr/local/lib/node_modules/npm/node_modules/npm-registry-client/lib/request.js:242:14)
72 verbose stack     at Request._callback (/usr/local/lib/node_modules/npm/node_modules/npm-registry-client/lib/request.js:172:14)
72 verbose stack     at Request.self.callback (/usr/local/lib/node_modules/npm/node_modules/request/request.js:200:22)
72 verbose stack     at emitTwo (events.js:87:13)
72 verbose stack     at Request.emit (events.js:172:7)
72 verbose stack     at Request.<anonymous> (/usr/local/lib/node_modules/npm/node_modules/request/request.js:1067:10)
72 verbose stack     at emitOne (events.js:82:20)
72 verbose stack     at Request.emit (events.js:169:7)
72 verbose stack     at IncomingMessage.<anonymous> (/usr/local/lib/node_modules/npm/node_modules/request/request.js:988:12)
73 verbose statusCode 404
74 verbose pkgid ngCordova
75 verbose cwd /Users/kukks205/Desktop/ionic learning/iApp
76 error Darwin 15.6.0
77 error argv "/usr/local/bin/node" "/usr/local/bin/npm" "install" "install" "ngCordova" "--save"
78 error node v4.4.5
79 error npm  v2.15.5
80 error code E404
81 error 404 Registry returned 404 for GET on https://registry.npmjs.org/ngCordova
81 error 404
81 error 404 'ngCordova' is not in the npm registry.
81 error 404 Your package name is not valid, because
81 error 404
81 error 404  1. name can no longer contain capital letters
81 error 404 It was specified as a dependency of 'iapp'
81 error 404
81 error 404 Note that you can also install from a
81 error 404 tarball, folder, http url, or git url.
82 verbose exit [ 1, true ]
